<?xml version="1.0" encoding="UTF-8"?>
<!-- Generated by org.testng.reporters.JUnitReportReporter -->
<testsuite hostname="WW720L104017B" name="com.citrix.webinars.WebinarTest" tests="2" failures="0" timestamp="3 Nov 2015 06:24:03 GMT" time="10.906" errors="0">
  <testcase name="test_Login_To_Citrix" time="2.446" classname="com.citrix.webinars.WebinarTest"/>
  <testcase name="testScheduleWebinar" time="8.460" classname="com.citrix.webinars.WebinarTest"/>
</testsuite> <!-- com.citrix.webinars.WebinarTest -->
